[2026-03-14 22:11:22] === Reverse Sync Started (LOCAL -> MASTER) ===
[2026-03-14 22:11:22] Taking safety backup from master (LAPTOP-I6GVMCAT)...
[2026-03-14 22:11:25] Master safety backup created: C:\Users\siddh\Desktop\prepapp\db-backups\prepapp_master_backup_2026-03-14_22-11-22.sql
[2026-03-14 22:11:25] Dumping local source database (localhost)...
[2026-03-14 22:11:25] Local dump successful: C:\Users\siddh\Desktop\prepapp\db-backups\prepapp_local_to_master_2026-03-14_22-11-22.sql
[2026-03-14 22:11:25] Restoring local dump to master (prepapp)...
[2026-03-14 22:11:27] SET
[2026-03-14 22:11:27] SET
[2026-03-14 22:11:27] SET
[2026-03-14 22:11:27] SET
[2026-03-14 22:11:27] SET
[2026-03-14 22:11:27] SET
[2026-03-14 22:11:27]  set_config 
[2026-03-14 22:11:27] ------------
[2026-03-14 22:11:27]  
[2026-03-14 22:11:27] (1 row)
[2026-03-14 22:11:27] 
[2026-03-14 22:11:27] SET
[2026-03-14 22:11:27] SET
[2026-03-14 22:11:27] SET
[2026-03-14 22:11:27] SET
[2026-03-14 22:11:27] ALTER SCHEMA
[2026-03-14 22:11:27] COMMENT
[2026-03-14 22:11:27] CREATE TYPE
[2026-03-14 22:11:27] ALTER TYPE
[2026-03-14 22:11:27] CREATE TYPE
[2026-03-14 22:11:27] ALTER TYPE
[2026-03-14 22:11:27] CREATE TYPE
[2026-03-14 22:11:27] ALTER TYPE
[2026-03-14 22:11:27] CREATE TYPE
[2026-03-14 22:11:27] ALTER TYPE
[2026-03-14 22:11:27] SET
[2026-03-14 22:11:27] SET
[2026-03-14 22:11:27] CREATE TABLE
[2026-03-14 22:11:27] ALTER TABLE
[2026-03-14 22:11:27] CREATE TABLE
[2026-03-14 22:11:27] ALTER TABLE
[2026-03-14 22:11:27] CREATE TABLE
[2026-03-14 22:11:27] ALTER TABLE
[2026-03-14 22:11:27] CREATE TABLE
[2026-03-14 22:11:27] ALTER TABLE
[2026-03-14 22:11:27] CREATE TABLE
[2026-03-14 22:11:27] ALTER TABLE
[2026-03-14 22:11:27] CREATE TABLE
[2026-03-14 22:11:27] ALTER TABLE
[2026-03-14 22:11:27] CREATE TABLE
[2026-03-14 22:11:27] ALTER TABLE
[2026-03-14 22:11:27] CREATE TABLE
[2026-03-14 22:11:27] ALTER TABLE
[2026-03-14 22:11:27] CREATE TABLE
[2026-03-14 22:11:27] ALTER TABLE
[2026-03-14 22:11:27] CREATE TABLE
[2026-03-14 22:11:27] ALTER TABLE
[2026-03-14 22:11:27] COPY 52
[2026-03-14 22:11:27] COPY 13
[2026-03-14 22:11:27] COPY 16
[2026-03-14 22:11:27] COPY 1
[2026-03-14 22:11:27] COPY 5
[2026-03-14 22:11:27] COPY 7
[2026-03-14 22:11:27] COPY 5
[2026-03-14 22:11:27] COPY 1
[2026-03-14 22:11:27] COPY 13
[2026-03-14 22:11:27] COPY 6
[2026-03-14 22:11:27] ALTER TABLE
[2026-03-14 22:11:27] ALTER TABLE
[2026-03-14 22:11:27] ALTER TABLE
[2026-03-14 22:11:27] ALTER TABLE
[2026-03-14 22:11:27] ALTER TABLE
[2026-03-14 22:11:27] ALTER TABLE
[2026-03-14 22:11:27] ALTER TABLE
[2026-03-14 22:11:27] ALTER TABLE
[2026-03-14 22:11:27] ALTER TABLE
[2026-03-14 22:11:27] CREATE INDEX
[2026-03-14 22:11:27] CREATE INDEX
[2026-03-14 22:11:27] CREATE INDEX
[2026-03-14 22:11:27] CREATE INDEX
[2026-03-14 22:11:27] CREATE INDEX
[2026-03-14 22:11:27] ALTER TABLE
[2026-03-14 22:11:27] ALTER TABLE
[2026-03-14 22:11:27] ALTER TABLE
[2026-03-14 22:11:27] ALTER TABLE
[2026-03-14 22:11:27] ALTER TABLE
[2026-03-14 22:11:27] ALTER TABLE
[2026-03-14 22:11:27] ALTER TABLE
[2026-03-14 22:11:27] ALTER TABLE
[2026-03-14 22:11:27] ALTER TABLE
[2026-03-14 22:11:27] ALTER TABLE
[2026-03-14 22:11:27] ALTER TABLE
[2026-03-14 22:11:27] REVOKE
[2026-03-14 22:11:27] Restore to master complete.
[2026-03-14 22:11:27] === Reverse Sync Finished ===
